0 info it worked if it ends with ok
1 verbose cli [ '/usr/bin/node', '/usr/bin/npm', 'install', 'node' ]
2 info using npm@3.5.2
3 info using node@v6.11.4
4 silly loadCurrentTree Starting
5 silly install loadCurrentTree
6 silly install readLocalPackageData
7 silly fetchPackageMetaData node
8 silly fetchNamedPackageData node
9 silly mapToRegistry name node
10 silly mapToRegistry using default registry
11 silly mapToRegistry registry https://registry.npmjs.org/
12 silly mapToRegistry uri https://registry.npmjs.org/node
13 verbose request uri https://registry.npmjs.org/node
14 verbose request no auth needed
15 info attempt registry request try #1 at 1:23:49 PM
16 verbose request id 1d3d3af4739e4fea
17 verbose etag W/"61a1c2c7c3c42e8ddb072de0486df967"
18 verbose lastModified Wed, 12 Sep 2018 01:28:54 GMT
19 http request GET https://registry.npmjs.org/node
20 http 304 https://registry.npmjs.org/node
21 verbose headers { date: 'Sun, 16 Sep 2018 07:53:50 GMT',
21 verbose headers   connection: 'keep-alive',
21 verbose headers   'set-cookie': [ '__cfduid=dcf1ac797fdd6d1726eb2173e73fb1a171537084429; expires=Mon, 16-Sep-19 07:53:49 GMT; path=/; domain=.registry.npmjs.org; HttpOnly' ],
21 verbose headers   'cf-cache-status': 'REVALIDATED',
21 verbose headers   'cache-control': 'max-age=300',
21 verbose headers   'cf-ray': '45b1c2f56b208aaf-BOM',
21 verbose headers   etag: '"61a1c2c7c3c42e8ddb072de0486df967"',
21 verbose headers   'expect-ct': 'max-age=604800, report-uri="https://report-uri.cloudflare.com/cdn-cgi/beacon/expect-ct"',
21 verbose headers   'last-modified': 'Wed, 12 Sep 2018 01:28:54 GMT',
21 verbose headers   vary: 'accept-encoding, accept',
21 verbose headers   'x-amz-meta-rev': '431-be007b6fd8d3363984354eef82d0d40f',
21 verbose headers   server: 'cloudflare' }
22 silly get cb [ 304,
22 silly get   { date: 'Sun, 16 Sep 2018 07:53:50 GMT',
22 silly get     connection: 'keep-alive',
22 silly get     'set-cookie': [ '__cfduid=dcf1ac797fdd6d1726eb2173e73fb1a171537084429; expires=Mon, 16-Sep-19 07:53:49 GMT; path=/; domain=.registry.npmjs.org; HttpOnly' ],
22 silly get     'cf-cache-status': 'REVALIDATED',
22 silly get     'cache-control': 'max-age=300',
22 silly get     'cf-ray': '45b1c2f56b208aaf-BOM',
22 silly get     etag: '"61a1c2c7c3c42e8ddb072de0486df967"',
22 silly get     'expect-ct': 'max-age=604800, report-uri="https://report-uri.cloudflare.com/cdn-cgi/beacon/expect-ct"',
22 silly get     'last-modified': 'Wed, 12 Sep 2018 01:28:54 GMT',
22 silly get     vary: 'accept-encoding, accept',
22 silly get     'x-amz-meta-rev': '431-be007b6fd8d3363984354eef82d0d40f',
22 silly get     server: 'cloudflare' } ]
23 verbose etag https://registry.npmjs.org/node from cache
24 verbose get saving node to /home/muskan/.npm/registry.npmjs.org/node/.cache.json
25 silly install normalizeTree
26 silly loadCurrentTree Finishing
27 silly loadIdealTree Starting
28 silly install loadIdealTree
29 silly cloneCurrentTree Starting
30 silly install cloneCurrentTreeToIdealTree
31 silly cloneCurrentTree Finishing
32 silly loadShrinkwrap Starting
33 silly install loadShrinkwrap
34 silly loadShrinkwrap Finishing
35 silly loadAllDepsIntoIdealTree Starting
36 silly install loadAllDepsIntoIdealTree
37 silly resolveWithNewModule node@10.10.0 checking installable status
38 silly cache add args [ 'node', null ]
39 verbose cache add spec node
40 silly cache add parsed spec Result {
40 silly cache add   raw: 'node',
40 silly cache add   scope: null,
40 silly cache add   name: 'node',
40 silly cache add   rawSpec: '',
40 silly cache add   spec: 'latest',
40 silly cache add   type: 'tag' }
41 silly addNamed node@latest
42 verbose addNamed "latest" is being treated as a dist-tag for node
43 info addNameTag [ 'node', 'latest' ]
44 silly mapToRegistry name node
45 silly mapToRegistry using default registry
46 silly mapToRegistry registry https://registry.npmjs.org/
47 silly mapToRegistry uri https://registry.npmjs.org/node
48 verbose addNameTag registry:https://registry.npmjs.org/node not in flight; fetching
49 verbose get https://registry.npmjs.org/node not expired, no request
50 silly addNameTag next cb for node with tag latest
51 silly addNamed node@10.10.0
52 verbose addNamed "10.10.0" is a plain semver version for node
53 silly cache afterAdd node@10.10.0
54 verbose afterAdd /home/muskan/.npm/node/10.10.0/package/package.json not in flight; writing
55 verbose afterAdd /home/muskan/.npm/node/10.10.0/package/package.json written
56 silly fetchNamedPackageData node-bin-setup
57 silly mapToRegistry name node-bin-setup
58 silly mapToRegistry using default registry
59 silly mapToRegistry registry https://registry.npmjs.org/
60 silly mapToRegistry uri https://registry.npmjs.org/node-bin-setup
61 verbose request uri https://registry.npmjs.org/node-bin-setup
62 verbose request no auth needed
63 info attempt registry request try #1 at 1:23:51 PM
64 verbose etag W/"696d6ec470fda56a33885508a280edab"
65 verbose lastModified Sun, 27 May 2018 09:55:03 GMT
66 http request GET https://registry.npmjs.org/node-bin-setup
67 http 304 https://registry.npmjs.org/node-bin-setup
68 verbose headers { date: 'Sun, 16 Sep 2018 07:53:52 GMT',
68 verbose headers   connection: 'keep-alive',
68 verbose headers   'set-cookie': [ '__cfduid=db87b34f0d67343c87589c584c5889f161537084431; expires=Mon, 16-Sep-19 07:53:51 GMT; path=/; domain=.registry.npmjs.org; HttpOnly' ],
68 verbose headers   'cf-cache-status': 'REVALIDATED',
68 verbose headers   'cache-control': 'max-age=300',
68 verbose headers   'cf-ray': '45b1c2ffeedf8aaf-BOM',
68 verbose headers   etag: '"696d6ec470fda56a33885508a280edab"',
68 verbose headers   'expect-ct': 'max-age=604800, report-uri="https://report-uri.cloudflare.com/cdn-cgi/beacon/expect-ct"',
68 verbose headers   'last-modified': 'Sun, 27 May 2018 09:55:03 GMT',
68 verbose headers   vary: 'accept-encoding, accept',
68 verbose headers   server: 'cloudflare' }
69 silly get cb [ 304,
69 silly get   { date: 'Sun, 16 Sep 2018 07:53:52 GMT',
69 silly get     connection: 'keep-alive',
69 silly get     'set-cookie': [ '__cfduid=db87b34f0d67343c87589c584c5889f161537084431; expires=Mon, 16-Sep-19 07:53:51 GMT; path=/; domain=.registry.npmjs.org; HttpOnly' ],
69 silly get     'cf-cache-status': 'REVALIDATED',
69 silly get     'cache-control': 'max-age=300',
69 silly get     'cf-ray': '45b1c2ffeedf8aaf-BOM',
69 silly get     etag: '"696d6ec470fda56a33885508a280edab"',
69 silly get     'expect-ct': 'max-age=604800, report-uri="https://report-uri.cloudflare.com/cdn-cgi/beacon/expect-ct"',
69 silly get     'last-modified': 'Sun, 27 May 2018 09:55:03 GMT',
69 silly get     vary: 'accept-encoding, accept',
69 silly get     server: 'cloudflare' } ]
70 verbose etag https://registry.npmjs.org/node-bin-setup from cache
71 verbose get saving node-bin-setup to /home/muskan/.npm/registry.npmjs.org/node-bin-setup/.cache.json
72 silly resolveWithNewModule node-bin-setup@1.0.6 checking installable status
73 silly cache add args [ 'node-bin-setup@^1.0.0', null ]
74 verbose cache add spec node-bin-setup@^1.0.0
75 silly cache add parsed spec Result {
75 silly cache add   raw: 'node-bin-setup@^1.0.0',
75 silly cache add   scope: null,
75 silly cache add   name: 'node-bin-setup',
75 silly cache add   rawSpec: '^1.0.0',
75 silly cache add   spec: '>=1.0.0 <2.0.0',
75 silly cache add   type: 'range' }
76 silly addNamed node-bin-setup@>=1.0.0 <2.0.0
77 verbose addNamed ">=1.0.0 <2.0.0" is a valid semver range for node-bin-setup
78 silly addNameRange { name: 'node-bin-setup',
78 silly addNameRange   range: '>=1.0.0 <2.0.0',
78 silly addNameRange   hasData: false }
79 silly mapToRegistry name node-bin-setup
80 silly mapToRegistry using default registry
81 silly mapToRegistry registry https://registry.npmjs.org/
82 silly mapToRegistry uri https://registry.npmjs.org/node-bin-setup
83 verbose addNameRange registry:https://registry.npmjs.org/node-bin-setup not in flight; fetching
84 verbose get https://registry.npmjs.org/node-bin-setup not expired, no request
85 silly addNameRange number 2 { name: 'node-bin-setup',
85 silly addNameRange   range: '>=1.0.0 <2.0.0',
85 silly addNameRange   hasData: true }
86 silly addNameRange versions [ 'node-bin-setup',
86 silly addNameRange   [ '1.0.0', '1.0.1', '1.0.2', '1.0.3', '1.0.4', '1.0.6' ] ]
87 silly addNamed node-bin-setup@1.0.6
88 verbose addNamed "1.0.6" is a plain semver version for node-bin-setup
89 silly cache afterAdd node-bin-setup@1.0.6
90 verbose afterAdd /home/muskan/.npm/node-bin-setup/1.0.6/package/package.json not in flight; writing
91 verbose afterAdd /home/muskan/.npm/node-bin-setup/1.0.6/package/package.json written
92 silly fetchNamedPackageData fsevents
93 silly mapToRegistry name fsevents
94 silly mapToRegistry using default registry
95 silly mapToRegistry registry https://registry.npmjs.org/
96 silly mapToRegistry uri https://registry.npmjs.org/fsevents
97 verbose request uri https://registry.npmjs.org/fsevents
98 verbose request no auth needed
99 info attempt registry request try #1 at 1:23:52 PM
100 verbose etag W/"1f6c1f25b9f645ad374c652ec54b1ad9"
101 verbose lastModified Sun, 27 May 2018 01:18:06 GMT
102 http request GET https://registry.npmjs.org/fsevents
103 http 304 https://registry.npmjs.org/fsevents
104 verbose headers { date: 'Sun, 16 Sep 2018 07:53:52 GMT',
104 verbose headers   connection: 'keep-alive',
104 verbose headers   'set-cookie': [ '__cfduid=dbed0f477e165120587b520d0230bcca51537084432; expires=Mon, 16-Sep-19 07:53:52 GMT; path=/; domain=.registry.npmjs.org; HttpOnly' ],
104 verbose headers   'cf-cache-status': 'HIT',
104 verbose headers   'cache-control': 'max-age=300',
104 verbose headers   'cf-ray': '45b1c3094a0c8aaf-BOM',
104 verbose headers   etag: '"1f6c1f25b9f645ad374c652ec54b1ad9"',
104 verbose headers   'expect-ct': 'max-age=604800, report-uri="https://report-uri.cloudflare.com/cdn-cgi/beacon/expect-ct"',
104 verbose headers   'last-modified': 'Sun, 27 May 2018 01:18:06 GMT',
104 verbose headers   vary: 'accept-encoding, accept',
104 verbose headers   server: 'cloudflare' }
105 silly get cb [ 304,
105 silly get   { date: 'Sun, 16 Sep 2018 07:53:52 GMT',
105 silly get     connection: 'keep-alive',
105 silly get     'set-cookie': [ '__cfduid=dbed0f477e165120587b520d0230bcca51537084432; expires=Mon, 16-Sep-19 07:53:52 GMT; path=/; domain=.registry.npmjs.org; HttpOnly' ],
105 silly get     'cf-cache-status': 'HIT',
105 silly get     'cache-control': 'max-age=300',
105 silly get     'cf-ray': '45b1c3094a0c8aaf-BOM',
105 silly get     etag: '"1f6c1f25b9f645ad374c652ec54b1ad9"',
105 silly get     'expect-ct': 'max-age=604800, report-uri="https://report-uri.cloudflare.com/cdn-cgi/beacon/expect-ct"',
105 silly get     'last-modified': 'Sun, 27 May 2018 01:18:06 GMT',
105 silly get     vary: 'accept-encoding, accept',
105 silly get     server: 'cloudflare' } ]
106 verbose etag https://registry.npmjs.org/fsevents from cache
107 verbose get saving fsevents to /home/muskan/.npm/registry.npmjs.org/fsevents/.cache.json
108 silly resolveWithNewModule fsevents@1.2.4 checking installable status
109 silly loadAllDepsIntoIdealTree Finishing
110 silly idealTree:prePrune smart-bit-hack@1.0.0
110 silly idealTree:prePrune +-- abbrev@1.1.1
110 silly idealTree:prePrune +-- accepts@1.3.5
110 silly idealTree:prePrune +-- ansi-align@2.0.0
110 silly idealTree:prePrune +-- ansi-regex@3.0.0
110 silly idealTree:prePrune +-- ansi-styles@3.2.1
110 silly idealTree:prePrune +-- anymatch@2.0.0
110 silly idealTree:prePrune +-- arr-diff@4.0.0
110 silly idealTree:prePrune +-- arr-flatten@1.1.0
110 silly idealTree:prePrune +-- arr-union@3.1.0
110 silly idealTree:prePrune +-- array-flatten@1.1.1
110 silly idealTree:prePrune +-- array-unique@0.3.2
110 silly idealTree:prePrune +-- assign-symbols@1.0.0
110 silly idealTree:prePrune +-- async-each@1.0.1
110 silly idealTree:prePrune +-- atob@2.1.2
110 silly idealTree:prePrune +-- balanced-match@1.0.0
110 silly idealTree:prePrune +-- base@0.11.2
110 silly idealTree:prePrune | +-- define-property@1.0.0
110 silly idealTree:prePrune | +-- is-accessor-descriptor@1.0.0
110 silly idealTree:prePrune | +-- is-data-descriptor@1.0.0
110 silly idealTree:prePrune | `-- is-descriptor@1.0.2
110 silly idealTree:prePrune +-- binary-extensions@1.11.0
110 silly idealTree:prePrune +-- body-parser@1.18.2
110 silly idealTree:prePrune +-- boxen@1.3.0
110 silly idealTree:prePrune +-- brace-expansion@1.1.11
110 silly idealTree:prePrune +-- braces@2.3.2
110 silly idealTree:prePrune | `-- extend-shallow@2.0.1
110 silly idealTree:prePrune +-- bytes@3.0.0
110 silly idealTree:prePrune +-- cache-base@1.0.1
110 silly idealTree:prePrune +-- camelcase@4.1.0
110 silly idealTree:prePrune +-- capture-stack-trace@1.0.1
110 silly idealTree:prePrune +-- chalk@2.4.1
110 silly idealTree:prePrune +-- chokidar@2.0.4
110 silly idealTree:prePrune +-- ci-info@1.5.1
110 silly idealTree:prePrune +-- class-utils@0.3.6
110 silly idealTree:prePrune | `-- define-property@0.2.5
110 silly idealTree:prePrune +-- cli-boxes@1.0.0
110 silly idealTree:prePrune +-- collection-visit@1.0.0
110 silly idealTree:prePrune +-- color-convert@1.9.3
110 silly idealTree:prePrune +-- color-name@1.1.3
110 silly idealTree:prePrune +-- component-emitter@1.2.1
110 silly idealTree:prePrune +-- concat-map@0.0.1
110 silly idealTree:prePrune +-- configstore@3.1.2
110 silly idealTree:prePrune +-- content-disposition@0.5.2
110 silly idealTree:prePrune +-- content-type@1.0.4
110 silly idealTree:prePrune +-- cookie-signature@1.0.6
110 silly idealTree:prePrune +-- cookie@0.3.1
110 silly idealTree:prePrune +-- copy-descriptor@0.1.1
110 silly idealTree:prePrune +-- core-util-is@1.0.2
110 silly idealTree:prePrune +-- create-error-class@3.0.2
110 silly idealTree:prePrune +-- cross-spawn@5.1.0
110 silly idealTree:prePrune +-- crypto-random-string@1.0.0
110 silly idealTree:prePrune +-- debug@2.6.9
110 silly idealTree:prePrune +-- decode-uri-component@0.2.0
110 silly idealTree:prePrune +-- deep-extend@0.6.0
110 silly idealTree:prePrune +-- define-property@2.0.2
110 silly idealTree:prePrune | +-- is-accessor-descriptor@1.0.0
110 silly idealTree:prePrune | +-- is-data-descriptor@1.0.0
110 silly idealTree:prePrune | `-- is-descriptor@1.0.2
110 silly idealTree:prePrune +-- depd@1.1.2
110 silly idealTree:prePrune +-- destroy@1.0.4
110 silly idealTree:prePrune +-- dot-prop@4.2.0
110 silly idealTree:prePrune +-- duplexer@0.1.1
110 silly idealTree:prePrune +-- duplexer3@0.1.4
110 silly idealTree:prePrune +-- ee-first@1.1.1
110 silly idealTree:prePrune +-- encodeurl@1.0.2
110 silly idealTree:prePrune +-- escape-html@1.0.3
110 silly idealTree:prePrune +-- escape-string-regexp@1.0.5
110 silly idealTree:prePrune +-- etag@1.8.1
110 silly idealTree:prePrune +-- event-stream@3.3.6
110 silly idealTree:prePrune +-- execa@0.7.0
110 silly idealTree:prePrune +-- expand-brackets@2.1.4
110 silly idealTree:prePrune | +-- define-property@0.2.5
110 silly idealTree:prePrune | `-- extend-shallow@2.0.1
110 silly idealTree:prePrune +-- express@4.16.3
110 silly idealTree:prePrune +-- extend-shallow@3.0.2
110 silly idealTree:prePrune | `-- is-extendable@1.0.1
110 silly idealTree:prePrune +-- extglob@2.0.4
110 silly idealTree:prePrune | +-- define-property@1.0.0
110 silly idealTree:prePrune | +-- extend-shallow@2.0.1
110 silly idealTree:prePrune | +-- is-accessor-descriptor@1.0.0
110 silly idealTree:prePrune | +-- is-data-descriptor@1.0.0
110 silly idealTree:prePrune | `-- is-descriptor@1.0.2
110 silly idealTree:prePrune +-- fill-range@4.0.0
110 silly idealTree:prePrune | `-- extend-shallow@2.0.1
110 silly idealTree:prePrune +-- finalhandler@1.1.1
110 silly idealTree:prePrune +-- flatmap-stream@0.1.0
110 silly idealTree:prePrune +-- for-in@1.0.2
110 silly idealTree:prePrune +-- forwarded@0.1.2
110 silly idealTree:prePrune +-- fragment-cache@0.2.1
110 silly idealTree:prePrune +-- fresh@0.5.2
110 silly idealTree:prePrune +-- from@0.1.7
110 silly idealTree:prePrune +-- get-stream@3.0.0
110 silly idealTree:prePrune +-- get-value@2.0.6
110 silly idealTree:prePrune +-- glob-parent@3.1.0
110 silly idealTree:prePrune | `-- is-glob@3.1.0
110 silly idealTree:prePrune +-- global-dirs@0.1.1
110 silly idealTree:prePrune +-- got@6.7.1
110 silly idealTree:prePrune +-- graceful-fs@4.1.11
110 silly idealTree:prePrune +-- has-flag@3.0.0
110 silly idealTree:prePrune +-- has-value@1.0.0
110 silly idealTree:prePrune +-- has-values@1.0.0
110 silly idealTree:prePrune | `-- kind-of@4.0.0
110 silly idealTree:prePrune +-- http-errors@1.6.3
110 silly idealTree:prePrune +-- iconv-lite@0.4.19
110 silly idealTree:prePrune +-- ignore-by-default@1.0.1
110 silly idealTree:prePrune +-- import-lazy@2.1.0
110 silly idealTree:prePrune +-- imurmurhash@0.1.4
110 silly idealTree:prePrune +-- inherits@2.0.3
110 silly idealTree:prePrune +-- ini@1.3.5
110 silly idealTree:prePrune +-- ipaddr.js@1.8.0
110 silly idealTree:prePrune +-- is-accessor-descriptor@0.1.6
110 silly idealTree:prePrune | `-- kind-of@3.2.2
110 silly idealTree:prePrune +-- is-binary-path@1.0.1
110 silly idealTree:prePrune +-- is-buffer@1.1.6
110 silly idealTree:prePrune +-- is-ci@1.2.1
110 silly idealTree:prePrune +-- is-data-descriptor@0.1.4
110 silly idealTree:prePrune | `-- kind-of@3.2.2
110 silly idealTree:prePrune +-- is-descriptor@0.1.6
110 silly idealTree:prePrune | `-- kind-of@5.1.0
110 silly idealTree:prePrune +-- is-extendable@0.1.1
110 silly idealTree:prePrune +-- is-extglob@2.1.1
110 silly idealTree:prePrune +-- is-fullwidth-code-point@2.0.0
110 silly idealTree:prePrune +-- is-glob@4.0.0
110 silly idealTree:prePrune +-- is-installed-globally@0.1.0
110 silly idealTree:prePrune +-- is-npm@1.0.0
110 silly idealTree:prePrune +-- is-number@3.0.0
110 silly idealTree:prePrune | `-- kind-of@3.2.2
110 silly idealTree:prePrune +-- is-obj@1.0.1
110 silly idealTree:prePrune +-- is-path-inside@1.0.1
110 silly idealTree:prePrune +-- is-plain-object@2.0.4
110 silly idealTree:prePrune +-- is-redirect@1.0.0
110 silly idealTree:prePrune +-- is-retry-allowed@1.1.0
110 silly idealTree:prePrune +-- is-stream@1.1.0
110 silly idealTree:prePrune +-- is-windows@1.0.2
110 silly idealTree:prePrune +-- isarray@1.0.0
110 silly idealTree:prePrune +-- isexe@2.0.0
110 silly idealTree:prePrune +-- isobject@3.0.1
110 silly idealTree:prePrune +-- kind-of@6.0.2
110 silly idealTree:prePrune +-- latest-version@3.1.0
110 silly idealTree:prePrune +-- lodash.debounce@4.0.8
110 silly idealTree:prePrune +-- lowercase-keys@1.0.1
110 silly idealTree:prePrune +-- lru-cache@4.1.3
110 silly idealTree:prePrune +-- make-dir@1.3.0
110 silly idealTree:prePrune +-- map-cache@0.2.2
110 silly idealTree:prePrune +-- map-stream@0.0.7
110 silly idealTree:prePrune +-- map-visit@1.0.0
110 silly idealTree:prePrune +-- media-typer@0.3.0
110 silly idealTree:prePrune +-- merge-descriptors@1.0.1
110 silly idealTree:prePrune +-- methods@1.1.2
110 silly idealTree:prePrune +-- micromatch@3.1.10
110 silly idealTree:prePrune +-- mime-db@1.36.0
110 silly idealTree:prePrune +-- mime-types@2.1.20
110 silly idealTree:prePrune +-- mime@1.4.1
110 silly idealTree:prePrune +-- minimatch@3.0.4
110 silly idealTree:prePrune +-- minimist@1.2.0
110 silly idealTree:prePrune +-- mixin-deep@1.3.1
110 silly idealTree:prePrune | `-- is-extendable@1.0.1
110 silly idealTree:prePrune +-- ms@2.0.0
110 silly idealTree:prePrune +-- nanomatch@1.2.13
110 silly idealTree:prePrune +-- negotiator@0.6.1
110 silly idealTree:prePrune +-- node-bin-setup@1.0.6
110 silly idealTree:prePrune +-- node@10.10.0
110 silly idealTree:prePrune +-- nodemon@1.18.4
110 silly idealTree:prePrune | +-- debug@3.2.5
110 silly idealTree:prePrune | `-- ms@2.1.1
110 silly idealTree:prePrune +-- nopt@1.0.10
110 silly idealTree:prePrune +-- normalize-path@2.1.1
110 silly idealTree:prePrune +-- npm-run-path@2.0.2
110 silly idealTree:prePrune +-- object-copy@0.1.0
110 silly idealTree:prePrune | +-- define-property@0.2.5
110 silly idealTree:prePrune | `-- kind-of@3.2.2
110 silly idealTree:prePrune +-- object-visit@1.0.1
110 silly idealTree:prePrune +-- object.pick@1.3.0
110 silly idealTree:prePrune +-- on-finished@2.3.0
110 silly idealTree:prePrune +-- p-finally@1.0.0
110 silly idealTree:prePrune +-- package-json@4.0.1
110 silly idealTree:prePrune +-- parseurl@1.3.2
110 silly idealTree:prePrune +-- pascalcase@0.1.1
110 silly idealTree:prePrune +-- path-dirname@1.0.2
110 silly idealTree:prePrune +-- path-is-absolute@1.0.1
110 silly idealTree:prePrune +-- path-is-inside@1.0.2
110 silly idealTree:prePrune +-- path-key@2.0.1
110 silly idealTree:prePrune +-- path-to-regexp@0.1.7
110 silly idealTree:prePrune +-- pause-stream@0.0.11
110 silly idealTree:prePrune +-- pify@3.0.0
110 silly idealTree:prePrune +-- posix-character-classes@0.1.1
110 silly idealTree:prePrune +-- prepend-http@1.0.4
110 silly idealTree:prePrune +-- process-nextick-args@2.0.0
110 silly idealTree:prePrune +-- proxy-addr@2.0.4
110 silly idealTree:prePrune +-- ps-tree@1.1.0
110 silly idealTree:prePrune +-- pseudomap@1.0.2
110 silly idealTree:prePrune +-- pstree.remy@1.1.0
110 silly idealTree:prePrune +-- qs@6.5.1
110 silly idealTree:prePrune +-- range-parser@1.2.0
110 silly idealTree:prePrune +-- raw-body@2.3.2
110 silly idealTree:prePrune | +-- depd@1.1.1
110 silly idealTree:prePrune | +-- http-errors@1.6.2
110 silly idealTree:prePrune | `-- setprototypeof@1.0.3
110 silly idealTree:prePrune +-- rc@1.2.8
110 silly idealTree:prePrune +-- readable-stream@2.3.6
110 silly idealTree:prePrune +-- readdirp@2.2.1
110 silly idealTree:prePrune +-- regex-not@1.0.2
110 silly idealTree:prePrune +-- registry-auth-token@3.3.2
110 silly idealTree:prePrune +-- registry-url@3.1.0
110 silly idealTree:prePrune +-- remove-trailing-separator@1.1.0
110 silly idealTree:prePrune +-- repeat-element@1.1.3
110 silly idealTree:prePrune +-- repeat-string@1.6.1
110 silly idealTree:prePrune +-- resolve-url@0.2.1
110 silly idealTree:prePrune +-- ret@0.1.15
110 silly idealTree:prePrune +-- safe-buffer@5.1.1
110 silly idealTree:prePrune +-- safe-regex@1.1.0
110 silly idealTree:prePrune +-- semver-diff@2.1.0
110 silly idealTree:prePrune +-- semver@5.5.1
110 silly idealTree:prePrune +-- send@0.16.2
110 silly idealTree:prePrune +-- serve-static@1.13.2
110 silly idealTree:prePrune +-- set-value@2.0.0
110 silly idealTree:prePrune | `-- extend-shallow@2.0.1
110 silly idealTree:prePrune +-- setprototypeof@1.1.0
110 silly idealTree:prePrune +-- shebang-command@1.2.0
110 silly idealTree:prePrune +-- shebang-regex@1.0.0
110 silly idealTree:prePrune +-- signal-exit@3.0.2
110 silly idealTree:prePrune +-- snapdragon-node@2.1.1
110 silly idealTree:prePrune | +-- define-property@1.0.0
110 silly idealTree:prePrune | +-- is-accessor-descriptor@1.0.0
110 silly idealTree:prePrune | +-- is-data-descriptor@1.0.0
110 silly idealTree:prePrune | `-- is-descriptor@1.0.2
110 silly idealTree:prePrune +-- snapdragon-util@3.0.1
110 silly idealTree:prePrune | `-- kind-of@3.2.2
110 silly idealTree:prePrune +-- snapdragon@0.8.2
110 silly idealTree:prePrune | +-- define-property@0.2.5
110 silly idealTree:prePrune | `-- extend-shallow@2.0.1
110 silly idealTree:prePrune +-- source-map-resolve@0.5.2
110 silly idealTree:prePrune +-- source-map-url@0.4.0
110 silly idealTree:prePrune +-- source-map@0.5.7
110 silly idealTree:prePrune +-- split-string@3.1.0
110 silly idealTree:prePrune +-- split@1.0.1
110 silly idealTree:prePrune +-- static-extend@0.1.2
110 silly idealTree:prePrune | `-- define-property@0.2.5
110 silly idealTree:prePrune +-- statuses@1.4.0
110 silly idealTree:prePrune +-- stream-combiner@0.2.2
110 silly idealTree:prePrune +-- string_decoder@1.1.1
110 silly idealTree:prePrune +-- string-width@2.1.1
110 silly idealTree:prePrune +-- strip-ansi@4.0.0
110 silly idealTree:prePrune +-- strip-eof@1.0.0
110 silly idealTree:prePrune +-- strip-json-comments@2.0.1
110 silly idealTree:prePrune +-- supports-color@5.5.0
110 silly idealTree:prePrune +-- term-size@1.2.0
110 silly idealTree:prePrune +-- through@2.3.8
110 silly idealTree:prePrune +-- timed-out@4.0.1
110 silly idealTree:prePrune +-- to-object-path@0.3.0
110 silly idealTree:prePrune | `-- kind-of@3.2.2
110 silly idealTree:prePrune +-- to-regex-range@2.1.1
110 silly idealTree:prePrune +-- to-regex@3.0.2
110 silly idealTree:prePrune +-- touch@3.1.0
110 silly idealTree:prePrune +-- type-is@1.6.16
110 silly idealTree:prePrune +-- undefsafe@2.0.2
110 silly idealTree:prePrune +-- union-value@1.0.0
110 silly idealTree:prePrune | +-- extend-shallow@2.0.1
110 silly idealTree:prePrune | `-- set-value@0.4.3
110 silly idealTree:prePrune +-- unique-string@1.0.0
110 silly idealTree:prePrune +-- unpipe@1.0.0
110 silly idealTree:prePrune +-- unset-value@1.0.0
110 silly idealTree:prePrune | +-- has-value@0.3.1
110 silly idealTree:prePrune | | `-- isobject@2.1.0
110 silly idealTree:prePrune | `-- has-values@0.1.4
110 silly idealTree:prePrune +-- unzip-response@2.0.1
110 silly idealTree:prePrune +-- upath@1.1.0
110 silly idealTree:prePrune +-- update-notifier@2.5.0
110 silly idealTree:prePrune +-- urix@0.1.0
110 silly idealTree:prePrune +-- url-parse-lax@1.0.0
110 silly idealTree:prePrune +-- use@3.1.1
110 silly idealTree:prePrune +-- util-deprecate@1.0.2
110 silly idealTree:prePrune +-- utils-merge@1.0.1
110 silly idealTree:prePrune +-- vary@1.1.2
110 silly idealTree:prePrune +-- which@1.3.1
110 silly idealTree:prePrune +-- widest-line@2.0.0
110 silly idealTree:prePrune +-- write-file-atomic@2.3.0
110 silly idealTree:prePrune +-- xdg-basedir@3.0.0
110 silly idealTree:prePrune `-- yallist@2.1.2
111 silly loadIdealTree Finishing
112 silly currentTree smart-bit-hack@1.0.0
112 silly currentTree +-- abbrev@1.1.1
112 silly currentTree +-- accepts@1.3.5
112 silly currentTree +-- ansi-align@2.0.0
112 silly currentTree +-- ansi-regex@3.0.0
112 silly currentTree +-- ansi-styles@3.2.1
112 silly currentTree +-- anymatch@2.0.0
112 silly currentTree +-- arr-diff@4.0.0
112 silly currentTree +-- arr-flatten@1.1.0
112 silly currentTree +-- arr-union@3.1.0
112 silly currentTree +-- array-flatten@1.1.1
112 silly currentTree +-- array-unique@0.3.2
112 silly currentTree +-- assign-symbols@1.0.0
112 silly currentTree +-- async-each@1.0.1
112 silly currentTree +-- atob@2.1.2
112 silly currentTree +-- balanced-match@1.0.0
112 silly currentTree +-- base@0.11.2
112 silly currentTree | +-- define-property@1.0.0
112 silly currentTree | +-- is-accessor-descriptor@1.0.0
112 silly currentTree | +-- is-data-descriptor@1.0.0
112 silly currentTree | `-- is-descriptor@1.0.2
112 silly currentTree +-- binary-extensions@1.11.0
112 silly currentTree +-- body-parser@1.18.2
112 silly currentTree +-- boxen@1.3.0
112 silly currentTree +-- brace-expansion@1.1.11
112 silly currentTree +-- braces@2.3.2
112 silly currentTree | `-- extend-shallow@2.0.1
112 silly currentTree +-- bytes@3.0.0
112 silly currentTree +-- cache-base@1.0.1
112 silly currentTree +-- camelcase@4.1.0
112 silly currentTree +-- capture-stack-trace@1.0.1
112 silly currentTree +-- chalk@2.4.1
112 silly currentTree +-- chokidar@2.0.4
112 silly currentTree +-- ci-info@1.5.1
112 silly currentTree +-- class-utils@0.3.6
112 silly currentTree | `-- define-property@0.2.5
112 silly currentTree +-- cli-boxes@1.0.0
112 silly currentTree +-- collection-visit@1.0.0
112 silly currentTree +-- color-convert@1.9.3
112 silly currentTree +-- color-name@1.1.3
112 silly currentTree +-- component-emitter@1.2.1
112 silly currentTree +-- concat-map@0.0.1
112 silly currentTree +-- configstore@3.1.2
112 silly currentTree +-- content-disposition@0.5.2
112 silly currentTree +-- content-type@1.0.4
112 silly currentTree +-- cookie-signature@1.0.6
112 silly currentTree +-- cookie@0.3.1
112 silly currentTree +-- copy-descriptor@0.1.1
112 silly currentTree +-- core-util-is@1.0.2
112 silly currentTree +-- create-error-class@3.0.2
112 silly currentTree +-- cross-spawn@5.1.0
112 silly currentTree +-- crypto-random-string@1.0.0
112 silly currentTree +-- debug@2.6.9
112 silly currentTree +-- decode-uri-component@0.2.0
112 silly currentTree +-- deep-extend@0.6.0
112 silly currentTree +-- define-property@2.0.2
112 silly currentTree | +-- is-accessor-descriptor@1.0.0
112 silly currentTree | +-- is-data-descriptor@1.0.0
112 silly currentTree | `-- is-descriptor@1.0.2
112 silly currentTree +-- depd@1.1.2
112 silly currentTree +-- destroy@1.0.4
112 silly currentTree +-- dot-prop@4.2.0
112 silly currentTree +-- duplexer@0.1.1
112 silly currentTree +-- duplexer3@0.1.4
112 silly currentTree +-- ee-first@1.1.1
112 silly currentTree +-- encodeurl@1.0.2
112 silly currentTree +-- escape-html@1.0.3
112 silly currentTree +-- escape-string-regexp@1.0.5
112 silly currentTree +-- etag@1.8.1
112 silly currentTree +-- event-stream@3.3.6
112 silly currentTree +-- execa@0.7.0
112 silly currentTree +-- expand-brackets@2.1.4
112 silly currentTree | +-- define-property@0.2.5
112 silly currentTree | `-- extend-shallow@2.0.1
112 silly currentTree +-- express@4.16.3
112 silly currentTree +-- extend-shallow@3.0.2
112 silly currentTree | `-- is-extendable@1.0.1
112 silly currentTree +-- extglob@2.0.4
112 silly currentTree | +-- define-property@1.0.0
112 silly currentTree | +-- extend-shallow@2.0.1
112 silly currentTree | +-- is-accessor-descriptor@1.0.0
112 silly currentTree | +-- is-data-descriptor@1.0.0
112 silly currentTree | `-- is-descriptor@1.0.2
112 silly currentTree +-- fill-range@4.0.0
112 silly currentTree | `-- extend-shallow@2.0.1
112 silly currentTree +-- finalhandler@1.1.1
112 silly currentTree +-- flatmap-stream@0.1.0
112 silly currentTree +-- for-in@1.0.2
112 silly currentTree +-- forwarded@0.1.2
112 silly currentTree +-- fragment-cache@0.2.1
112 silly currentTree +-- fresh@0.5.2
112 silly currentTree +-- from@0.1.7
112 silly currentTree +-- get-stream@3.0.0
112 silly currentTree +-- get-value@2.0.6
112 silly currentTree +-- glob-parent@3.1.0
112 silly currentTree | `-- is-glob@3.1.0
112 silly currentTree +-- global-dirs@0.1.1
112 silly currentTree +-- got@6.7.1
112 silly currentTree +-- graceful-fs@4.1.11
112 silly currentTree +-- has-flag@3.0.0
112 silly currentTree +-- has-value@1.0.0
112 silly currentTree +-- has-values@1.0.0
112 silly currentTree | `-- kind-of@4.0.0
112 silly currentTree +-- http-errors@1.6.3
112 silly currentTree +-- iconv-lite@0.4.19
112 silly currentTree +-- ignore-by-default@1.0.1
112 silly currentTree +-- import-lazy@2.1.0
112 silly currentTree +-- imurmurhash@0.1.4
112 silly currentTree +-- inherits@2.0.3
112 silly currentTree +-- ini@1.3.5
112 silly currentTree +-- ipaddr.js@1.8.0
112 silly currentTree +-- is-accessor-descriptor@0.1.6
112 silly currentTree | `-- kind-of@3.2.2
112 silly currentTree +-- is-binary-path@1.0.1
112 silly currentTree +-- is-buffer@1.1.6
112 silly currentTree +-- is-ci@1.2.1
112 silly currentTree +-- is-data-descriptor@0.1.4
112 silly currentTree | `-- kind-of@3.2.2
112 silly currentTree +-- is-descriptor@0.1.6
112 silly currentTree | `-- kind-of@5.1.0
112 silly currentTree +-- is-extendable@0.1.1
112 silly currentTree +-- is-extglob@2.1.1
112 silly currentTree +-- is-fullwidth-code-point@2.0.0
112 silly currentTree +-- is-glob@4.0.0
112 silly currentTree +-- is-installed-globally@0.1.0
112 silly currentTree +-- is-npm@1.0.0
112 silly currentTree +-- is-number@3.0.0
112 silly currentTree | `-- kind-of@3.2.2
112 silly currentTree +-- is-obj@1.0.1
112 silly currentTree +-- is-path-inside@1.0.1
112 silly currentTree +-- is-plain-object@2.0.4
112 silly currentTree +-- is-redirect@1.0.0
112 silly currentTree +-- is-retry-allowed@1.1.0
112 silly currentTree +-- is-stream@1.1.0
112 silly currentTree +-- is-windows@1.0.2
112 silly currentTree +-- isarray@1.0.0
112 silly currentTree +-- isexe@2.0.0
112 silly currentTree +-- isobject@3.0.1
112 silly currentTree +-- kind-of@6.0.2
112 silly currentTree +-- latest-version@3.1.0
112 silly currentTree +-- lodash.debounce@4.0.8
112 silly currentTree +-- lowercase-keys@1.0.1
112 silly currentTree +-- lru-cache@4.1.3
112 silly currentTree +-- make-dir@1.3.0
112 silly currentTree +-- map-cache@0.2.2
112 silly currentTree +-- map-stream@0.0.7
112 silly currentTree +-- map-visit@1.0.0
112 silly currentTree +-- media-typer@0.3.0
112 silly currentTree +-- merge-descriptors@1.0.1
112 silly currentTree +-- methods@1.1.2
112 silly currentTree +-- micromatch@3.1.10
112 silly currentTree +-- mime-db@1.36.0
112 silly currentTree +-- mime-types@2.1.20
112 silly currentTree +-- mime@1.4.1
112 silly currentTree +-- minimatch@3.0.4
112 silly currentTree +-- minimist@1.2.0
112 silly currentTree +-- mixin-deep@1.3.1
112 silly currentTree | `-- is-extendable@1.0.1
112 silly currentTree +-- ms@2.0.0
112 silly currentTree +-- nanomatch@1.2.13
112 silly currentTree +-- negotiator@0.6.1
112 silly currentTree +-- nodemon@1.18.4
112 silly currentTree | +-- debug@3.2.5
112 silly currentTree | `-- ms@2.1.1
112 silly currentTree +-- nopt@1.0.10
112 silly currentTree +-- normalize-path@2.1.1
112 silly currentTree +-- npm-run-path@2.0.2
112 silly currentTree +-- object-copy@0.1.0
112 silly currentTree | +-- define-property@0.2.5
112 silly currentTree | `-- kind-of@3.2.2
112 silly currentTree +-- object-visit@1.0.1
112 silly currentTree +-- object.pick@1.3.0
112 silly currentTree +-- on-finished@2.3.0
112 silly currentTree +-- p-finally@1.0.0
112 silly currentTree +-- package-json@4.0.1
112 silly currentTree +-- parseurl@1.3.2
112 silly currentTree +-- pascalcase@0.1.1
112 silly currentTree +-- path-dirname@1.0.2
112 silly currentTree +-- path-is-absolute@1.0.1
112 silly currentTree +-- path-is-inside@1.0.2
112 silly currentTree +-- path-key@2.0.1
112 silly currentTree +-- path-to-regexp@0.1.7
112 silly currentTree +-- pause-stream@0.0.11
112 silly currentTree +-- pify@3.0.0
112 silly currentTree +-- posix-character-classes@0.1.1
112 silly currentTree +-- prepend-http@1.0.4
112 silly currentTree +-- process-nextick-args@2.0.0
112 silly currentTree +-- proxy-addr@2.0.4
112 silly currentTree +-- ps-tree@1.1.0
112 silly currentTree +-- pseudomap@1.0.2
112 silly currentTree +-- pstree.remy@1.1.0
112 silly currentTree +-- qs@6.5.1
112 silly currentTree +-- range-parser@1.2.0
112 silly currentTree +-- raw-body@2.3.2
112 silly currentTree | +-- depd@1.1.1
112 silly currentTree | +-- http-errors@1.6.2
112 silly currentTree | `-- setprototypeof@1.0.3
112 silly currentTree +-- rc@1.2.8
112 silly currentTree +-- readable-stream@2.3.6
112 silly currentTree +-- readdirp@2.2.1
112 silly currentTree +-- regex-not@1.0.2
112 silly currentTree +-- registry-auth-token@3.3.2
112 silly currentTree +-- registry-url@3.1.0
112 silly currentTree +-- remove-trailing-separator@1.1.0
112 silly currentTree +-- repeat-element@1.1.3
112 silly currentTree +-- repeat-string@1.6.1
112 silly currentTree +-- resolve-url@0.2.1
112 silly currentTree +-- ret@0.1.15
112 silly currentTree +-- safe-buffer@5.1.1
112 silly currentTree +-- safe-regex@1.1.0
112 silly currentTree +-- semver-diff@2.1.0
112 silly currentTree +-- semver@5.5.1
112 silly currentTree +-- send@0.16.2
112 silly currentTree +-- serve-static@1.13.2
112 silly currentTree +-- set-value@2.0.0
112 silly currentTree | `-- extend-shallow@2.0.1
112 silly currentTree +-- setprototypeof@1.1.0
112 silly currentTree +-- shebang-command@1.2.0
112 silly currentTree +-- shebang-regex@1.0.0
112 silly currentTree +-- signal-exit@3.0.2
112 silly currentTree +-- snapdragon-node@2.1.1
112 silly currentTree | +-- define-property@1.0.0
112 silly currentTree | +-- is-accessor-descriptor@1.0.0
112 silly currentTree | +-- is-data-descriptor@1.0.0
112 silly currentTree | `-- is-descriptor@1.0.2
112 silly currentTree +-- snapdragon-util@3.0.1
112 silly currentTree | `-- kind-of@3.2.2
112 silly currentTree +-- snapdragon@0.8.2
112 silly currentTree | +-- define-property@0.2.5
112 silly currentTree | `-- extend-shallow@2.0.1
112 silly currentTree +-- source-map-resolve@0.5.2
112 silly currentTree +-- source-map-url@0.4.0
112 silly currentTree +-- source-map@0.5.7
112 silly currentTree +-- split-string@3.1.0
112 silly currentTree +-- split@1.0.1
112 silly currentTree +-- static-extend@0.1.2
112 silly currentTree | `-- define-property@0.2.5
112 silly currentTree +-- statuses@1.4.0
112 silly currentTree +-- stream-combiner@0.2.2
112 silly currentTree +-- string_decoder@1.1.1
112 silly currentTree +-- string-width@2.1.1
112 silly currentTree +-- strip-ansi@4.0.0
112 silly currentTree +-- strip-eof@1.0.0
112 silly currentTree +-- strip-json-comments@2.0.1
112 silly currentTree +-- supports-color@5.5.0
112 silly currentTree +-- term-size@1.2.0
112 silly currentTree +-- through@2.3.8
112 silly currentTree +-- timed-out@4.0.1
112 silly currentTree +-- to-object-path@0.3.0
112 silly currentTree | `-- kind-of@3.2.2
112 silly currentTree +-- to-regex-range@2.1.1
112 silly currentTree +-- to-regex@3.0.2
112 silly currentTree +-- touch@3.1.0
112 silly currentTree +-- type-is@1.6.16
112 silly currentTree +-- undefsafe@2.0.2
112 silly currentTree +-- union-value@1.0.0
112 silly currentTree | +-- extend-shallow@2.0.1
112 silly currentTree | `-- set-value@0.4.3
112 silly currentTree +-- unique-string@1.0.0
112 silly currentTree +-- unpipe@1.0.0
112 silly currentTree +-- unset-value@1.0.0
112 silly currentTree | +-- has-value@0.3.1
112 silly currentTree | | `-- isobject@2.1.0
112 silly currentTree | `-- has-values@0.1.4
112 silly currentTree +-- unzip-response@2.0.1
112 silly currentTree +-- upath@1.1.0
112 silly currentTree +-- update-notifier@2.5.0
112 silly currentTree +-- urix@0.1.0
112 silly currentTree +-- url-parse-lax@1.0.0
112 silly currentTree +-- use@3.1.1
112 silly currentTree +-- util-deprecate@1.0.2
112 silly currentTree +-- utils-merge@1.0.1
112 silly currentTree +-- vary@1.1.2
112 silly currentTree +-- which@1.3.1
112 silly currentTree +-- widest-line@2.0.0
112 silly currentTree +-- write-file-atomic@2.3.0
112 silly currentTree +-- xdg-basedir@3.0.0
112 silly currentTree `-- yallist@2.1.2
113 silly idealTree smart-bit-hack@1.0.0
113 silly idealTree +-- abbrev@1.1.1
113 silly idealTree +-- accepts@1.3.5
113 silly idealTree +-- ansi-align@2.0.0
113 silly idealTree +-- ansi-regex@3.0.0
113 silly idealTree +-- ansi-styles@3.2.1
113 silly idealTree +-- anymatch@2.0.0
113 silly idealTree +-- arr-diff@4.0.0
113 silly idealTree +-- arr-flatten@1.1.0
113 silly idealTree +-- arr-union@3.1.0
113 silly idealTree +-- array-flatten@1.1.1
113 silly idealTree +-- array-unique@0.3.2
113 silly idealTree +-- assign-symbols@1.0.0
113 silly idealTree +-- async-each@1.0.1
113 silly idealTree +-- atob@2.1.2
113 silly idealTree +-- balanced-match@1.0.0
113 silly idealTree +-- base@0.11.2
113 silly idealTree | +-- define-property@1.0.0
113 silly idealTree | +-- is-accessor-descriptor@1.0.0
113 silly idealTree | +-- is-data-descriptor@1.0.0
113 silly idealTree | `-- is-descriptor@1.0.2
113 silly idealTree +-- binary-extensions@1.11.0
113 silly idealTree +-- body-parser@1.18.2
113 silly idealTree +-- boxen@1.3.0
113 silly idealTree +-- brace-expansion@1.1.11
113 silly idealTree +-- braces@2.3.2
113 silly idealTree | `-- extend-shallow@2.0.1
113 silly idealTree +-- bytes@3.0.0
113 silly idealTree +-- cache-base@1.0.1
113 silly idealTree +-- camelcase@4.1.0
113 silly idealTree +-- capture-stack-trace@1.0.1
113 silly idealTree +-- chalk@2.4.1
113 silly idealTree +-- chokidar@2.0.4
113 silly idealTree +-- ci-info@1.5.1
113 silly idealTree +-- class-utils@0.3.6
113 silly idealTree | `-- define-property@0.2.5
113 silly idealTree +-- cli-boxes@1.0.0
113 silly idealTree +-- collection-visit@1.0.0
113 silly idealTree +-- color-convert@1.9.3
113 silly idealTree +-- color-name@1.1.3
113 silly idealTree +-- component-emitter@1.2.1
113 silly idealTree +-- concat-map@0.0.1
113 silly idealTree +-- configstore@3.1.2
113 silly idealTree +-- content-disposition@0.5.2
113 silly idealTree +-- content-type@1.0.4
113 silly idealTree +-- cookie-signature@1.0.6
113 silly idealTree +-- cookie@0.3.1
113 silly idealTree +-- copy-descriptor@0.1.1
113 silly idealTree +-- core-util-is@1.0.2
113 silly idealTree +-- create-error-class@3.0.2
113 silly idealTree +-- cross-spawn@5.1.0
113 silly idealTree +-- crypto-random-string@1.0.0
113 silly idealTree +-- debug@2.6.9
113 silly idealTree +-- decode-uri-component@0.2.0
113 silly idealTree +-- deep-extend@0.6.0
113 silly idealTree +-- define-property@2.0.2
113 silly idealTree | +-- is-accessor-descriptor@1.0.0
113 silly idealTree | +-- is-data-descriptor@1.0.0
113 silly idealTree | `-- is-descriptor@1.0.2
113 silly idealTree +-- depd@1.1.2
113 silly idealTree +-- destroy@1.0.4
113 silly idealTree +-- dot-prop@4.2.0
113 silly idealTree +-- duplexer@0.1.1
113 silly idealTree +-- duplexer3@0.1.4
113 silly idealTree +-- ee-first@1.1.1
113 silly idealTree +-- encodeurl@1.0.2
113 silly idealTree +-- escape-html@1.0.3
113 silly idealTree +-- escape-string-regexp@1.0.5
113 silly idealTree +-- etag@1.8.1
113 silly idealTree +-- event-stream@3.3.6
113 silly idealTree +-- execa@0.7.0
113 silly idealTree +-- expand-brackets@2.1.4
113 silly idealTree | +-- define-property@0.2.5
113 silly idealTree | `-- extend-shallow@2.0.1
113 silly idealTree +-- express@4.16.3
113 silly idealTree +-- extend-shallow@3.0.2
113 silly idealTree | `-- is-extendable@1.0.1
113 silly idealTree +-- extglob@2.0.4
113 silly idealTree | +-- define-property@1.0.0
113 silly idealTree | +-- extend-shallow@2.0.1
113 silly idealTree | +-- is-accessor-descriptor@1.0.0
113 silly idealTree | +-- is-data-descriptor@1.0.0
113 silly idealTree | `-- is-descriptor@1.0.2
113 silly idealTree +-- fill-range@4.0.0
113 silly idealTree | `-- extend-shallow@2.0.1
113 silly idealTree +-- finalhandler@1.1.1
113 silly idealTree +-- flatmap-stream@0.1.0
113 silly idealTree +-- for-in@1.0.2
113 silly idealTree +-- forwarded@0.1.2
113 silly idealTree +-- fragment-cache@0.2.1
113 silly idealTree +-- fresh@0.5.2
113 silly idealTree +-- from@0.1.7
113 silly idealTree +-- get-stream@3.0.0
113 silly idealTree +-- get-value@2.0.6
113 silly idealTree +-- glob-parent@3.1.0
113 silly idealTree | `-- is-glob@3.1.0
113 silly idealTree +-- global-dirs@0.1.1
113 silly idealTree +-- got@6.7.1
113 silly idealTree +-- graceful-fs@4.1.11
113 silly idealTree +-- has-flag@3.0.0
113 silly idealTree +-- has-value@1.0.0
113 silly idealTree +-- has-values@1.0.0
113 silly idealTree | `-- kind-of@4.0.0
113 silly idealTree +-- http-errors@1.6.3
113 silly idealTree +-- iconv-lite@0.4.19
113 silly idealTree +-- ignore-by-default@1.0.1
113 silly idealTree +-- import-lazy@2.1.0
113 silly idealTree +-- imurmurhash@0.1.4
113 silly idealTree +-- inherits@2.0.3
113 silly idealTree +-- ini@1.3.5
113 silly idealTree +-- ipaddr.js@1.8.0
113 silly idealTree +-- is-accessor-descriptor@0.1.6
113 silly idealTree | `-- kind-of@3.2.2
113 silly idealTree +-- is-binary-path@1.0.1
113 silly idealTree +-- is-buffer@1.1.6
113 silly idealTree +-- is-ci@1.2.1
113 silly idealTree +-- is-data-descriptor@0.1.4
113 silly idealTree | `-- kind-of@3.2.2
113 silly idealTree +-- is-descriptor@0.1.6
113 silly idealTree | `-- kind-of@5.1.0
113 silly idealTree +-- is-extendable@0.1.1
113 silly idealTree +-- is-extglob@2.1.1
113 silly idealTree +-- is-fullwidth-code-point@2.0.0
113 silly idealTree +-- is-glob@4.0.0
113 silly idealTree +-- is-installed-globally@0.1.0
113 silly idealTree +-- is-npm@1.0.0
113 silly idealTree +-- is-number@3.0.0
113 silly idealTree | `-- kind-of@3.2.2
113 silly idealTree +-- is-obj@1.0.1
113 silly idealTree +-- is-path-inside@1.0.1
113 silly idealTree +-- is-plain-object@2.0.4
113 silly idealTree +-- is-redirect@1.0.0
113 silly idealTree +-- is-retry-allowed@1.1.0
113 silly idealTree +-- is-stream@1.1.0
113 silly idealTree +-- is-windows@1.0.2
113 silly idealTree +-- isarray@1.0.0
113 silly idealTree +-- isexe@2.0.0
113 silly idealTree +-- isobject@3.0.1
113 silly idealTree +-- kind-of@6.0.2
113 silly idealTree +-- latest-version@3.1.0
113 silly idealTree +-- lodash.debounce@4.0.8
113 silly idealTree +-- lowercase-keys@1.0.1
113 silly idealTree +-- lru-cache@4.1.3
113 silly idealTree +-- make-dir@1.3.0
113 silly idealTree +-- map-cache@0.2.2
113 silly idealTree +-- map-stream@0.0.7
113 silly idealTree +-- map-visit@1.0.0
113 silly idealTree +-- media-typer@0.3.0
113 silly idealTree +-- merge-descriptors@1.0.1
113 silly idealTree +-- methods@1.1.2
113 silly idealTree +-- micromatch@3.1.10
113 silly idealTree +-- mime-db@1.36.0
113 silly idealTree +-- mime-types@2.1.20
113 silly idealTree +-- mime@1.4.1
113 silly idealTree +-- minimatch@3.0.4
113 silly idealTree +-- minimist@1.2.0
113 silly idealTree +-- mixin-deep@1.3.1
113 silly idealTree | `-- is-extendable@1.0.1
113 silly idealTree +-- ms@2.0.0
113 silly idealTree +-- nanomatch@1.2.13
113 silly idealTree +-- negotiator@0.6.1
113 silly idealTree +-- node-bin-setup@1.0.6
113 silly idealTree +-- node@10.10.0
113 silly idealTree +-- nodemon@1.18.4
113 silly idealTree | +-- debug@3.2.5
113 silly idealTree | `-- ms@2.1.1
113 silly idealTree +-- nopt@1.0.10
113 silly idealTree +-- normalize-path@2.1.1
113 silly idealTree +-- npm-run-path@2.0.2
113 silly idealTree +-- object-copy@0.1.0
113 silly idealTree | +-- define-property@0.2.5
113 silly idealTree | `-- kind-of@3.2.2
113 silly idealTree +-- object-visit@1.0.1
113 silly idealTree +-- object.pick@1.3.0
113 silly idealTree +-- on-finished@2.3.0
113 silly idealTree +-- p-finally@1.0.0
113 silly idealTree +-- package-json@4.0.1
113 silly idealTree +-- parseurl@1.3.2
113 silly idealTree +-- pascalcase@0.1.1
113 silly idealTree +-- path-dirname@1.0.2
113 silly idealTree +-- path-is-absolute@1.0.1
113 silly idealTree +-- path-is-inside@1.0.2
113 silly idealTree +-- path-key@2.0.1
113 silly idealTree +-- path-to-regexp@0.1.7
113 silly idealTree +-- pause-stream@0.0.11
113 silly idealTree +-- pify@3.0.0
113 silly idealTree +-- posix-character-classes@0.1.1
113 silly idealTree +-- prepend-http@1.0.4
113 silly idealTree +-- process-nextick-args@2.0.0
113 silly idealTree +-- proxy-addr@2.0.4
113 silly idealTree +-- ps-tree@1.1.0
113 silly idealTree +-- pseudomap@1.0.2
113 silly idealTree +-- pstree.remy@1.1.0
113 silly idealTree +-- qs@6.5.1
113 silly idealTree +-- range-parser@1.2.0
113 silly idealTree +-- raw-body@2.3.2
113 silly idealTree | +-- depd@1.1.1
113 silly idealTree | +-- http-errors@1.6.2
113 silly idealTree | `-- setprototypeof@1.0.3
113 silly idealTree +-- rc@1.2.8
113 silly idealTree +-- readable-stream@2.3.6
113 silly idealTree +-- readdirp@2.2.1
113 silly idealTree +-- regex-not@1.0.2
113 silly idealTree +-- registry-auth-token@3.3.2
113 silly idealTree +-- registry-url@3.1.0
113 silly idealTree +-- remove-trailing-separator@1.1.0
113 silly idealTree +-- repeat-element@1.1.3
113 silly idealTree +-- repeat-string@1.6.1
113 silly idealTree +-- resolve-url@0.2.1
113 silly idealTree +-- ret@0.1.15
113 silly idealTree +-- safe-buffer@5.1.1
113 silly idealTree +-- safe-regex@1.1.0
113 silly idealTree +-- semver-diff@2.1.0
113 silly idealTree +-- semver@5.5.1
113 silly idealTree +-- send@0.16.2
113 silly idealTree +-- serve-static@1.13.2
113 silly idealTree +-- set-value@2.0.0
113 silly idealTree | `-- extend-shallow@2.0.1
113 silly idealTree +-- setprototypeof@1.1.0
113 silly idealTree +-- shebang-command@1.2.0
113 silly idealTree +-- shebang-regex@1.0.0
113 silly idealTree +-- signal-exit@3.0.2
113 silly idealTree +-- snapdragon-node@2.1.1
113 silly idealTree | +-- define-property@1.0.0
113 silly idealTree | +-- is-accessor-descriptor@1.0.0
113 silly idealTree | +-- is-data-descriptor@1.0.0
113 silly idealTree | `-- is-descriptor@1.0.2
113 silly idealTree +-- snapdragon-util@3.0.1
113 silly idealTree | `-- kind-of@3.2.2
113 silly idealTree +-- snapdragon@0.8.2
113 silly idealTree | +-- define-property@0.2.5
113 silly idealTree | `-- extend-shallow@2.0.1
113 silly idealTree +-- source-map-resolve@0.5.2
113 silly idealTree +-- source-map-url@0.4.0
113 silly idealTree +-- source-map@0.5.7
113 silly idealTree +-- split-string@3.1.0
113 silly idealTree +-- split@1.0.1
113 silly idealTree +-- static-extend@0.1.2
113 silly idealTree | `-- define-property@0.2.5
113 silly idealTree +-- statuses@1.4.0
113 silly idealTree +-- stream-combiner@0.2.2
113 silly idealTree +-- string_decoder@1.1.1
113 silly idealTree +-- string-width@2.1.1
113 silly idealTree +-- strip-ansi@4.0.0
113 silly idealTree +-- strip-eof@1.0.0
113 silly idealTree +-- strip-json-comments@2.0.1
113 silly idealTree +-- supports-color@5.5.0
113 silly idealTree +-- term-size@1.2.0
113 silly idealTree +-- through@2.3.8
113 silly idealTree +-- timed-out@4.0.1
113 silly idealTree +-- to-object-path@0.3.0
113 silly idealTree | `-- kind-of@3.2.2
113 silly idealTree +-- to-regex-range@2.1.1
113 silly idealTree +-- to-regex@3.0.2
113 silly idealTree +-- touch@3.1.0
113 silly idealTree +-- type-is@1.6.16
113 silly idealTree +-- undefsafe@2.0.2
113 silly idealTree +-- union-value@1.0.0
113 silly idealTree | +-- extend-shallow@2.0.1
113 silly idealTree | `-- set-value@0.4.3
113 silly idealTree +-- unique-string@1.0.0
113 silly idealTree +-- unpipe@1.0.0
113 silly idealTree +-- unset-value@1.0.0
113 silly idealTree | +-- has-value@0.3.1
113 silly idealTree | | `-- isobject@2.1.0
113 silly idealTree | `-- has-values@0.1.4
113 silly idealTree +-- unzip-response@2.0.1
113 silly idealTree +-- upath@1.1.0
113 silly idealTree +-- update-notifier@2.5.0
113 silly idealTree +-- urix@0.1.0
113 silly idealTree +-- url-parse-lax@1.0.0
113 silly idealTree +-- use@3.1.1
113 silly idealTree +-- util-deprecate@1.0.2
113 silly idealTree +-- utils-merge@1.0.1
113 silly idealTree +-- vary@1.1.2
113 silly idealTree +-- which@1.3.1
113 silly idealTree +-- widest-line@2.0.0
113 silly idealTree +-- write-file-atomic@2.3.0
113 silly idealTree +-- xdg-basedir@3.0.0
113 silly idealTree `-- yallist@2.1.2
114 silly generateActionsToTake Starting
115 silly install generateActionsToTake
116 silly generateActionsToTake Finishing
117 silly diffTrees action count 2
118 silly diffTrees add node-bin-setup@1.0.6
119 silly diffTrees add node@10.10.0
120 silly decomposeActions action count 16
121 silly decomposeActions fetch node-bin-setup@1.0.6
122 silly decomposeActions extract node-bin-setup@1.0.6
123 silly decomposeActions test node-bin-setup@1.0.6
124 silly decomposeActions preinstall node-bin-setup@1.0.6
125 silly decomposeActions build node-bin-setup@1.0.6
126 silly decomposeActions install node-bin-setup@1.0.6
127 silly decomposeActions postinstall node-bin-setup@1.0.6
128 silly decomposeActions finalize node-bin-setup@1.0.6
129 silly decomposeActions fetch node@10.10.0
130 silly decomposeActions extract node@10.10.0
131 silly decomposeActions test node@10.10.0
132 silly decomposeActions preinstall node@10.10.0
133 silly decomposeActions build node@10.10.0
134 silly decomposeActions install node@10.10.0
135 silly decomposeActions postinstall node@10.10.0
136 silly decomposeActions finalize node@10.10.0
137 silly executeActions Starting
138 silly install executeActions
139 silly doSerial global-install 0
140 silly doParallel fetch 2
141 verbose lock using /home/muskan/.npm/_locks/staging-85c56aebaca629d0.lock for /home/muskan/Documents/smart-bit-hack/node_modules/.staging
142 silly doParallel extract 2
143 silly extract node-bin-setup@1.0.6
144 silly extract node@10.10.0
145 verbose unbuild node_modules/.staging/node-bin-setup-14ac85bd
146 verbose unbuild node_modules/.staging/node-c29aefa9
147 silly gentlyRm /home/muskan/Documents/smart-bit-hack/node_modules/.staging/node-bin-setup-14ac85bd is being purged from base /home/muskan/Documents/smart-bit-hack
148 verbose gentlyRm don't care about contents; nuking /home/muskan/Documents/smart-bit-hack/node_modules/.staging/node-bin-setup-14ac85bd
149 verbose tar unpack /home/muskan/.npm/node-bin-setup/1.0.6/package.tgz
150 verbose tar unpacking to /home/muskan/Documents/smart-bit-hack/node_modules/.staging/node-bin-setup-14ac85bd
151 silly gentlyRm /home/muskan/Documents/smart-bit-hack/node_modules/.staging/node-bin-setup-14ac85bd is being purged
152 verbose gentlyRm don't care about contents; nuking /home/muskan/Documents/smart-bit-hack/node_modules/.staging/node-bin-setup-14ac85bd
153 silly gentlyRm /home/muskan/Documents/smart-bit-hack/node_modules/.staging/node-c29aefa9 is being purged from base /home/muskan/Documents/smart-bit-hack
154 verbose gentlyRm don't care about contents; nuking /home/muskan/Documents/smart-bit-hack/node_modules/.staging/node-c29aefa9
155 silly gunzTarPerm modes [ '755', '644' ]
156 verbose tar unpack /home/muskan/.npm/node/10.10.0/package.tgz
157 verbose tar unpacking to /home/muskan/Documents/smart-bit-hack/node_modules/.staging/node-c29aefa9
158 silly gentlyRm /home/muskan/Documents/smart-bit-hack/node_modules/.staging/node-c29aefa9 is being purged
159 verbose gentlyRm don't care about contents; nuking /home/muskan/Documents/smart-bit-hack/node_modules/.staging/node-c29aefa9
160 silly gunzTarPerm modes [ '755', '644' ]
161 silly gunzTarPerm extractEntry package.json
162 silly gunzTarPerm extractEntry package.json
163 silly gunzTarPerm extractEntry index.js
164 silly gunzTarPerm extractEntry installArchSpecificPackage.js
165 silly gunzTarPerm extractEntry README.md
166 silly gentlyRm /home/muskan/Documents/smart-bit-hack/node_modules/.staging/node-bin-setup-14ac85bd/node_modules is being purged
167 verbose gentlyRm don't care about contents; nuking /home/muskan/Documents/smart-bit-hack/node_modules/.staging/node-bin-setup-14ac85bd/node_modules
168 silly gentlyRm /home/muskan/Documents/smart-bit-hack/node_modules/.staging/node-c29aefa9/node_modules is being purged
169 verbose gentlyRm don't care about contents; nuking /home/muskan/Documents/smart-bit-hack/node_modules/.staging/node-c29aefa9/node_modules
170 silly doParallel preinstall 2
171 silly preinstall node-bin-setup@1.0.6 /home/muskan/Documents/smart-bit-hack/node_modules/.staging/node-bin-setup-14ac85bd
172 info lifecycle node-bin-setup@1.0.6~preinstall: node-bin-setup@1.0.6
173 silly preinstall node@10.10.0 /home/muskan/Documents/smart-bit-hack/node_modules/.staging/node-c29aefa9
174 info lifecycle node@10.10.0~preinstall: node@10.10.0
175 silly lifecycle node-bin-setup@1.0.6~preinstall: no script for preinstall, continuing
176 verbose lifecycle node@10.10.0~preinstall: unsafe-perm in lifecycle true
177 verbose lifecycle node@10.10.0~preinstall: PATH: /usr/share/npm/bin/node-gyp-bin:/home/muskan/Documents/smart-bit-hack/node_modules/.staging/node-c29aefa9/node_modules/.bin:/home/muskan/Documents/smart-bit-hack/node_modules/.bin:/usr/local/sbin:/usr/local/bin:/usr/sbin:/usr/bin:/sbin:/bin:/usr/games:/usr/local/games:/snap/bin
178 verbose lifecycle node@10.10.0~preinstall: CWD: /home/muskan/Documents/smart-bit-hack/node_modules/.staging/node-c29aefa9
179 silly lifecycle node@10.10.0~preinstall: Args: [ '-c', 'node installArchSpecificPackage' ]
180 silly lifecycle node@10.10.0~preinstall: Returned: code: 1  signal: null
181 info lifecycle node@10.10.0~preinstall: Failed to exec preinstall script
182 verbose unlock done using /home/muskan/.npm/_locks/staging-85c56aebaca629d0.lock for /home/muskan/Documents/smart-bit-hack/node_modules/.staging
183 silly rollbackFailedOptional Starting
184 silly rollbackFailedOptional Finishing
185 silly runTopLevelLifecycles Starting
186 silly runTopLevelLifecycles Finishing
187 silly install printInstalled
188 warn optional Skipping failed optional dependency /chokidar/fsevents:
189 warn notsup Not compatible with your operating system or architecture: fsevents@1.2.4
190 warn smart-bit-hack@1.0.0 No description
191 warn smart-bit-hack@1.0.0 No repository field.
192 verbose stack Error: node@10.10.0 preinstall: `node installArchSpecificPackage`
192 verbose stack Exit status 1
192 verbose stack     at EventEmitter.<anonymous> (/usr/share/npm/lib/utils/lifecycle.js:232:16)
192 verbose stack     at emitTwo (events.js:106:13)
192 verbose stack     at EventEmitter.emit (events.js:191:7)
192 verbose stack     at ChildProcess.<anonymous> (/usr/share/npm/lib/utils/spawn.js:24:14)
192 verbose stack     at emitTwo (events.js:106:13)
192 verbose stack     at ChildProcess.emit (events.js:191:7)
192 verbose stack     at maybeClose (internal/child_process.js:920:16)
192 verbose stack     at Process.ChildProcess._handle.onexit (internal/child_process.js:230:5)
193 verbose pkgid node@10.10.0
194 verbose cwd /home/muskan/Documents/smart-bit-hack
195 error Linux 4.13.0-46-generic
196 error argv "/usr/bin/node" "/usr/bin/npm" "install" "node"
197 error node v6.11.4
198 error npm  v3.5.2
199 error code ELIFECYCLE
200 error node@10.10.0 preinstall: `node installArchSpecificPackage`
200 error Exit status 1
201 error Failed at the node@10.10.0 preinstall script 'node installArchSpecificPackage'.
201 error Make sure you have the latest version of node.js and npm installed.
201 error If you do, this is most likely a problem with the node package,
201 error not with npm itself.
201 error Tell the author that this fails on your system:
201 error     node installArchSpecificPackage
201 error You can get information on how to open an issue for this project with:
201 error     npm bugs node
201 error Or if that isn't available, you can get their info via:
201 error     npm owner ls node
201 error There is likely additional logging output above.
202 verbose exit [ 1, true ]
